[ 25.10.2018 - 20:43:42 ]
    (MSG) [2] in SMILExtract : openSMILE starting!
[ 25.10.2018 - 20:43:42 ]
    (MSG) [2] in SMILExtract : config file is: config/emobase_live4_batch3.conf
[ 25.10.2018 - 20:43:42 ]
    (MSG) [2] in cComponentManager : successfully registered 95 component types.
[ 25.10.2018 - 20:43:42 ]
    (WARN) [2] in configManager : ConfigInstance::getValue : non-existant field 'isLibLinearModel[0]' (-1)
[ 25.10.2018 - 20:43:42 ]
    (WARN) [2] in configManager : ConfigInstance::getValue : index -1 out of bounds (0-26)
[ 25.10.2018 - 20:43:42 ]
    (WARN) [2] in configManager : ConfigInstance::getValue : non-existant field 'isLibLinearModel[0]' (-1)
[ 25.10.2018 - 20:43:42 ]
    (WARN) [2] in configManager : ConfigInstance::getValue : index -1 out of bounds (0-26)
[ 25.10.2018 - 20:43:42 ]
    (WARN) [2] in configManager : ConfigInstance::getValue : non-existant field 'isLibLinearModel[0]' (-1)
[ 25.10.2018 - 20:43:42 ]
    (WARN) [2] in configManager : ConfigInstance::getValue : index -1 out of bounds (0-26)
[ 25.10.2018 - 20:43:42 ]
    (MSG) [2] in instance 'emodbEmotion' : loading LibSVM model(s) ...
[ 25.10.2018 - 20:43:43 ]
    (MSG) [2] in instance 'emodbEmotion' : Models loaded. Ready to classify!
[ 25.10.2018 - 20:43:43 ]
    (MSG) [2] in instance 'abcAffect' : loading LibSVM model(s) ...
[ 25.10.2018 - 20:43:43 ]
    (MSG) [2] in instance 'abcAffect' : Models loaded. Ready to classify!
[ 25.10.2018 - 20:43:43 ]
    (MSG) [2] in instance 'avicInterest' : loading LibSVM model(s) ...
[ 25.10.2018 - 20:43:45 ]
    (MSG) [2] in instance 'avicInterest' : Models loaded. Ready to classify!
[ 25.10.2018 - 20:43:45 ]
    (MSG) [2] in cComponentManager : successfully finished createInstances
                                 (27 component instances were finalised, 1 data memories were finalised)
[ 25.10.2018 - 20:43:45 ]
    (MSG) [2] in cComponentManager : starting single thread processing loop
[ 25.10.2018 - 20:43:50 ]
    (MSG) [2] in cComponentManager : Processing finished! System ran for 22184 ticks.
